<?xml version="1.0" encoding="UTF-8"?>
<!-- Generated by org.testng.reporters.JUnitReportReporter -->
<testsuite hostname="shivam" failures="0" tests="1" name="logindemo.Logindemo" time="15.840" errors="0" timestamp="16 Aug 2023 07:37:42 GMT" skipped="0">
  <testcase classname="logindemo.Logindemo" name="Login" time="15.840"/>
</testsuite> <!-- logindemo.Logindemo -->
