<?xml version="1.0" encoding="UTF-8"?>
<!-- Generated by org.testng.reporters.JUnitReportReporter -->
<testsuite hostname="shivam" failures="0" tests="1" name="com.practisesuite.VerifyTitle" time="4.300" errors="0" timestamp="10 Jun 2023 06:58:06 GMT" skipped="0">
  <testcase classname="com.practisesuite.VerifyTitle" name="Verifytitle" time="4.300"/>
</testsuite> <!-- com.practisesuite.VerifyTitle -->
