<?xml version="1.0" encoding="UTF-8"?>
<!-- Generated by org.testng.reporters.JUnitReportReporter -->
<testsuite hostname="shivam" failures="0" tests="1" name="com.practisesuite.VerifyUrls" time="4.983" errors="0" timestamp="2023-08-18T13:02:34 IST" skipped="0">
  <testcase classname="com.practisesuite.VerifyUrls" name="VerifyUrl" time="4.983"/>
  <system-out/>
</testsuite> <!-- com.practisesuite.VerifyUrls -->
