<?xml version="1.0" encoding="UTF-8"?>
<!-- Generated by org.testng.reporters.JUnitReportReporter -->
<testsuite hostname="shivam" failures="0" tests="1" name="testngpractise.VerifyUrl" time="6.346" errors="0" timestamp="17 Aug 2023 07:18:49 GMT" skipped="0">
  <testcase classname="testngpractise.VerifyUrl" name="Url" time="6.346"/>
</testsuite> <!-- testngpractise.VerifyUrl -->
