<?xml version="1.0" encoding="UTF-8"?>
<!-- Generated by org.testng.reporters.JUnitReportReporter -->
<testsuite hostname="shivam" failures="0" tests="1" name="demotestng.Urls" time="9.480" errors="0" timestamp="05 Jul 2023 05:58:42 GMT" skipped="0">
  <testcase classname="demotestng.Urls" name="VerifyUrl" time="9.480"/>
</testsuite> <!-- demotestng.Urls -->
