<?xml version="1.0" encoding="UTF-8"?>
<!-- Generated by org.testng.reporters.JUnitReportReporter -->
<testsuite hostname="shivam" failures="0" tests="1" name="demotestng.Login" time="11.585" errors="0" timestamp="05 Jul 2023 05:58:42 GMT" skipped="0">
  <testcase classname="demotestng.Login" name="VerifyzLogin" time="11.585"/>
</testsuite> <!-- demotestng.Login -->
