<?xml version="1.0" encoding="UTF-8"?>
<!-- Generated by org.testng.reporters.JUnitReportReporter -->
<testsuite hostname="shivam" failures="0" tests="1" name="orangedemo.demos" time="37.494" errors="0" timestamp="2023-08-18T13:09:09 IST" skipped="0">
  <testcase classname="orangedemo.demos" name="login" time="37.494"/>
  <system-out/>
</testsuite> <!-- orangedemo.demos -->
