<?xml version="1.0" encoding="UTF-8"?>
<!-- Generated by org.testng.reporters.JUnitReportReporter -->
<testsuite hostname="shivam" failures="0" tests="3" name="testngdemo.demo" time="17.084" errors="0" timestamp="04 Jun 2023 09:55:01 GMT" skipped="0">
  <testcase classname="testngdemo.demo" name="Verifyurl" time="3.685"/>
  <testcase classname="testngdemo.demo" name="VerifyTitle" time="4.971"/>
  <testcase classname="testngdemo.demo" name="getPagesource" time="8.428"/>
</testsuite> <!-- testngdemo.demo -->
