<?xml version="1.0" encoding="UTF-8"?>
<!-- Generated by org.testng.reporters.JUnitReportReporter -->
<testsuite hostname="shivam" failures="0" tests="1" name="testngdemo.Url" time="7.188" errors="0" timestamp="17 Aug 2023 07:22:43 GMT" skipped="0">
  <testcase classname="testngdemo.Url" name="TestUrl" time="7.188"/>
</testsuite> <!-- testngdemo.Url -->
